# JRE version: Java(TM) SE Runtime Environment (8.0_161-b12) (build 1.8.0_161-b12)
# Java VM: Java HotSpot(TM) 64-Bit Server VM (25.161-b12 mixed mode windows-amd64 compressed oops)
Heap:
 PSYoungGen      total 233472K, used 37116K [0x00000000daf00000, 0x00000000e9700000, 0x0000000100000000)
  eden space 229376K, 15% used [0x00000000daf00000,0x00000000dd1fd090,0x00000000e8f00000)
  from space 4096K, 31% used [0x00000000e9300000,0x00000000e9442018,0x00000000e9700000)
  to   space 4096K, 0% used [0x00000000e8f00000,0x00000000e8f00000,0x00000000e9300000)
 ParOldGen       total 76800K, used 2930K [0x0000000090c00000, 0x0000000095700000, 0x00000000daf00000)
  object space 76800K, 3% used [0x0000000090c00000,0x0000000090edc920,0x0000000095700000)
 Metaspace       used 11903K, capacity 12156K, committed 12288K, reserved 1060864K
  class space    used 1407K, capacity 1484K, committed 1536K, reserved 1048576K
GC Heap History (10 events):
Event: 88.621 GC heap before
{Heap before GC invocations=4 (full 0):
 PSYoungGen      total 33280K, used 31666K [0x00000000daf00000, 0x00000000df000000, 0x0000000100000000)
  eden space 28672K, 100% used [0x00000000daf00000,0x00000000dcb00000,0x00000000dcb00000)
  from space 4608K, 64% used [0x00000000dcb00000,0x00000000dcdec820,0x00000000dcf80000)
  to   space 4608K, 0% used [0x00000000deb80000,0x00000000deb80000,0x00000000df000000)
 ParOldGen       total 76800K, used 59K [0x0000000090c00000, 0x0000000095700000, 0x00000000daf00000)
  object space 76800K, 0% used [0x0000000090c00000,0x0000000090c0ec50,0x0000000095700000)
 Metaspace       used 11780K, capacity 12028K, committed 12288K, reserved 1060864K
  class space    used 1407K, capacity 1484K, committed 1536K, reserved 1048576K
Event: 88.630 GC heap after
Heap after GC invocations=4 (full 0):
 PSYoungGen      total 61952K, used 3098K [0x00000000daf00000, 0x00000000df000000, 0x0000000100000000)
  eden space 57344K, 0% used [0x00000000daf00000,0x00000000daf00000,0x00000000de700000)
  from space 4608K, 67% used [0x00000000deb80000,0x00000000dee86820,0x00000000df000000)
  to   space 4608K, 0% used [0x00000000de700000,0x00000000de700000,0x00000000deb80000)
 ParOldGen       total 76800K, used 59K [0x0000000090c00000, 0x0000000095700000, 0x00000000daf00000)
  object space 76800K, 0% used [0x0000000090c00000,0x0000000090c0ec50,0x0000000095700000)
 Metaspace       used 11780K, capacity 12028K, committed 12288K, reserved 1060864K
  class space    used 1407K, capacity 1484K, committed 1536K, reserved 1048576K
}
Event: 88.726 GC heap before
{Heap before GC invocations=5 (full 0):
 PSYoungGen      total 61952K, used 60442K [0x00000000daf00000, 0x00000000df000000, 0x0000000100000000)
  eden space 57344K, 100% used [0x00000000daf00000,0x00000000de700000,0x00000000de700000)
  from space 4608K, 67% used [0x00000000deb80000,0x00000000dee86820,0x00000000df000000)
  to   space 4608K, 0% used [0x00000000de700000,0x00000000de700000,0x00000000deb80000)
 ParOldGen       total 76800K, used 59K [0x0000000090c00000, 0x0000000095700000, 0x00000000daf00000)
  object space 76800K, 0% used [0x0000000090c00000,0x0000000090c0ec50,0x0000000095700000)
 Metaspace       used 11814K, capacity 12028K, committed 12288K, reserved 1060864K
  class space    used 1407K, capacity 1484K, committed 1536K, reserved 1048576K
Event: 88.734 GC heap after
Heap after GC invocations=5 (full 0):
 PSYoungGen      total 61952K, used 3268K [0x00000000daf00000, 0x00000000e2600000, 0x0000000100000000)
  eden space 57344K, 0% used [0x00000000daf00000,0x00000000daf00000,0x00000000de700000)
  from space 4608K, 70% used [0x00000000de700000,0x00000000dea31048,0x00000000deb80000)
  to   space 3584K, 0% used [0x00000000e2280000,0x00000000e2280000,0x00000000e2600000)
 ParOldGen       total 76800K, used 67K [0x0000000090c00000, 0x0000000095700000, 0x00000000daf00000)
  object space 76800K, 0% used [0x0000000090c00000,0x0000000090c10c50,0x0000000095700000)
 Metaspace       used 11814K, capacity 12028K, committed 12288K, reserved 1060864K
  class space    used 1407K, capacity 1484K, committed 1536K, reserved 1048576K
}
Event: 88.787 GC heap before
{Heap before GC invocations=6 (full 0):
 PSYoungGen      total 61952K, used 60612K [0x00000000daf00000, 0x00000000e2600000, 0x0000000100000000)
  eden space 57344K, 100% used [0x00000000daf00000,0x00000000de700000,0x00000000de700000)
  from space 4608K, 70% used [0x00000000de700000,0x00000000dea31048,0x00000000deb80000)
  to   space 3584K, 0% used [0x00000000e2280000,0x00000000e2280000,0x00000000e2600000)
 ParOldGen       total 76800K, used 67K [0x0000000090c00000, 0x0000000095700000, 0x00000000daf00000)
  object space 76800K, 0% used [0x0000000090c00000,0x0000000090c10c50,0x0000000095700000)
 Metaspace       used 11814K, capacity 12028K, committed 12288K, reserved 1060864K
  class space    used 1407K, capacity 1484K, committed 1536K, reserved 1048576K
Event: 88.796 GC heap after
Heap after GC invocations=6 (full 0):
 PSYoungGen      total 118272K, used 3412K [0x00000000daf00000, 0x00000000e2600000, 0x0000000100000000)
  eden space 114688K, 0% used [0x00000000daf00000,0x00000000daf00000,0x00000000e1f00000)
  from space 3584K, 95% used [0x00000000e2280000,0x00000000e25d5048,0x00000000e2600000)
  to   space 3584K, 0% used [0x00000000e1f00000,0x00000000e1f00000,0x00000000e2280000)
 ParOldGen       total 76800K, used 75K [0x0000000090c00000, 0x0000000095700000, 0x00000000daf00000)
  object space 76800K, 0% used [0x0000000090c00000,0x0000000090c12c50,0x0000000095700000)
 Metaspace       used 11814K, capacity 12028K, committed 12288K, reserved 1060864K
  class space    used 1407K, capacity 1484K, committed 1536K, reserved 1048576K
}
Event: 89.710 GC heap before
{Heap before GC invocations=7 (full 0):
 PSYoungGen      total 118272K, used 118100K [0x00000000daf00000, 0x00000000e2600000, 0x0000000100000000)
  eden space 114688K, 100% used [0x00000000daf00000,0x00000000e1f00000,0x00000000e1f00000)
  from space 3584K, 95% used [0x00000000e2280000,0x00000000e25d5048,0x00000000e2600000)
  to   space 3584K, 0% used [0x00000000e1f00000,0x00000000e1f00000,0x00000000e2280000)
 ParOldGen       total 76800K, used 75K [0x0000000090c00000, 0x0000000095700000, 0x00000000daf00000)
  object space 76800K, 0% used [0x0000000090c00000,0x0000000090c12c50,0x0000000095700000)
 Metaspace       used 11871K, capacity 12092K, committed 12288K, reserved 1060864K
  class space    used 1407K, capacity 1484K, committed 1536K, reserved 1048576K
Event: 89.720 GC heap after
Heap after GC invocations=7 (full 0):
 PSYoungGen      total 118272K, used 1520K [0x00000000daf00000, 0x00000000e9700000, 0x0000000100000000)
  eden space 114688K, 0% used [0x00000000daf00000,0x00000000daf00000,0x00000000e1f00000)
  from space 3584K, 42% used [0x00000000e1f00000,0x00000000e207c008,0x00000000e2280000)
  to   space 4096K, 0% used [0x00000000e9300000,0x00000000e9300000,0x00000000e9700000)
 ParOldGen       total 76800K, used 2802K [0x0000000090c00000, 0x0000000095700000, 0x00000000daf00000)
  object space 76800K, 3% used [0x0000000090c00000,0x0000000090ebc920,0x0000000095700000)
 Metaspace       used 11871K, capacity 12092K, committed 12288K, reserved 1060864K
  class space    used 1407K, capacity 1484K, committed 1536K, reserved 1048576K
}
Event: 89.854 GC heap before
{Heap before GC invocations=8 (full 0):
 PSYoungGen      total 118272K, used 116208K [0x00000000daf00000, 0x00000000e9700000, 0x0000000100000000)
  eden space 114688K, 100% used [0x00000000daf00000,0x00000000e1f00000,0x00000000e1f00000)
  from space 3584K, 42% used [0x00000000e1f00000,0x00000000e207c008,0x00000000e2280000)
  to   space 4096K, 0% used [0x00000000e9300000,0x00000000e9300000,0x00000000e9700000)
 ParOldGen       total 76800K, used 2802K [0x0000000090c00000, 0x0000000095700000, 0x00000000daf00000)
  object space 76800K, 3% used [0x0000000090c00000,0x0000000090ebc920,0x0000000095700000)
 Metaspace       used 11893K, capacity 12092K, committed 12288K, reserved 1060864K
  class space    used 1407K, capacity 1484K, committed 1536K, reserved 1048576K
Event: 89.859 GC heap after
Heap after GC invocations=8 (full 0):
 PSYoungGen      total 233472K, used 1288K [0x00000000daf00000, 0x00000000e9700000, 0x0000000100000000)
  eden space 229376K, 0% used [0x00000000daf00000,0x00000000daf00000,0x00000000e8f00000)
  from space 4096K, 31% used [0x00000000e9300000,0x00000000e9442018,0x00000000e9700000)
  to   space 4096K, 0% used [0x00000000e8f00000,0x00000000e8f00000,0x00000000e9300000)
 ParOldGen       total 76800K, used 2930K [0x0000000090c00000, 0x0000000095700000, 0x00000000daf00000)
  object space 76800K, 3% used [0x0000000090c00000,0x0000000090edc920,0x0000000095700000)
 Metaspace       used 11893K, capacity 12092K, committed 12288K, reserved 1060864K
  class space    used 1407K, capacity 1484K, committed 1536K, reserved 1048576K
}

