# JRE version: Java(TM) SE Runtime Environment (8.0_161-b12) (build 1.8.0_161-b12)
# Java VM: Java HotSpot(TM) 64-Bit Server VM (25.161-b12 mixed mode windows-amd64 compressed oops)
Heap:
 PSYoungGen      total 594432K, used 463806K [0x00000000daf00000, 0x0000000100000000, 0x0000000100000000)
  eden space 585728K, 78% used [0x00000000daf00000,0x00000000f6f22928,0x00000000feb00000)
  from space 8704K, 56% used [0x00000000ff780000,0x00000000ffc4cf70,0x0000000100000000)
  to   space 10752K, 0% used [0x00000000feb00000,0x00000000feb00000,0x00000000ff580000)
 ParOldGen       total 76800K, used 29304K [0x0000000090c00000, 0x0000000095700000, 0x00000000daf00000)
  object space 76800K, 38% used [0x0000000090c00000,0x000000009289e120,0x0000000095700000)
 Metaspace       used 12358K, capacity 12572K, committed 12800K, reserved 1060864K
  class space    used 1431K, capacity 1516K, committed 1536K, reserved 1048576K
GC Heap History (10 events):
Event: 12.663 GC heap before
{Heap before GC invocations=12 (full 0):
 PSYoungGen      total 373760K, used 371495K [0x00000000daf00000, 0x00000000ff900000, 0x0000000100000000)
  eden space 367104K, 100% used [0x00000000daf00000,0x00000000f1580000,0x00000000f1580000)
  from space 6656K, 65% used [0x00000000f1580000,0x00000000f19c9ea0,0x00000000f1c00000)
  to   space 6144K, 0% used [0x00000000ff300000,0x00000000ff300000,0x00000000ff900000)
 ParOldGen       total 76800K, used 9232K [0x0000000090c00000, 0x0000000095700000, 0x00000000daf00000)
  object space 76800K, 12% used [0x0000000090c00000,0x00000000915040c0,0x0000000095700000)
 Metaspace       used 12178K, capacity 12444K, committed 12544K, reserved 1060864K
  class space    used 1416K, capacity 1516K, committed 1536K, reserved 1048576K
Event: 12.682 GC heap after
Heap after GC invocations=12 (full 0):
 PSYoungGen      total 593920K, used 3347K [0x00000000daf00000, 0x00000000ff900000, 0x0000000100000000)
  eden space 587776K, 0% used [0x00000000daf00000,0x00000000daf00000,0x00000000fed00000)
  from space 6144K, 54% used [0x00000000ff300000,0x00000000ff644f68,0x00000000ff900000)
  to   space 6144K, 0% used [0x00000000fed00000,0x00000000fed00000,0x00000000ff300000)
 ParOldGen       total 76800K, used 10656K [0x0000000090c00000, 0x0000000095700000, 0x00000000daf00000)
  object space 76800K, 13% used [0x0000000090c00000,0x00000000916680c0,0x0000000095700000)
 Metaspace       used 12178K, capacity 12444K, committed 12544K, reserved 1060864K
  class space    used 1416K, capacity 1516K, committed 1536K, reserved 1048576K
}
Event: 13.856 GC heap before
{Heap before GC invocations=13 (full 0):
 PSYoungGen      total 593920K, used 591123K [0x00000000daf00000, 0x00000000ff900000, 0x0000000100000000)
  eden space 587776K, 100% used [0x00000000daf00000,0x00000000fed00000,0x00000000fed00000)
  from space 6144K, 54% used [0x00000000ff300000,0x00000000ff644f68,0x00000000ff900000)
  to   space 6144K, 0% used [0x00000000fed00000,0x00000000fed00000,0x00000000ff300000)
 ParOldGen       total 76800K, used 10656K [0x0000000090c00000, 0x0000000095700000, 0x00000000daf00000)
  object space 76800K, 13% used [0x0000000090c00000,0x00000000916680c0,0x0000000095700000)
 Metaspace       used 12222K, capacity 12444K, committed 12544K, reserved 1060864K
  class space    used 1416K, capacity 1516K, committed 1536K, reserved 1048576K
Event: 13.889 GC heap after
Heap after GC invocations=13 (full 0):
 PSYoungGen      total 593920K, used 6115K [0x00000000daf00000, 0x0000000100000000, 0x0000000100000000)
  eden space 587776K, 0% used [0x00000000daf00000,0x00000000daf00000,0x00000000fed00000)
  from space 6144K, 99% used [0x00000000fed00000,0x00000000ff2f8f70,0x00000000ff300000)
  to   space 8704K, 0% used [0x00000000ff780000,0x00000000ff780000,0x0000000100000000)
 ParOldGen       total 76800K, used 14984K [0x0000000090c00000, 0x0000000095700000, 0x00000000daf00000)
  object space 76800K, 19% used [0x0000000090c00000,0x0000000091aa20d8,0x0000000095700000)
 Metaspace       used 12222K, capacity 12444K, committed 12544K, reserved 1060864K
  class space    used 1416K, capacity 1516K, committed 1536K, reserved 1048576K
}
Event: 14.781 GC heap before
{Heap before GC invocations=14 (full 0):
 PSYoungGen      total 593920K, used 593891K [0x00000000daf00000, 0x0000000100000000, 0x0000000100000000)
  eden space 587776K, 100% used [0x00000000daf00000,0x00000000fed00000,0x00000000fed00000)
  from space 6144K, 99% used [0x00000000fed00000,0x00000000ff2f8f70,0x00000000ff300000)
  to   space 8704K, 0% used [0x00000000ff780000,0x00000000ff780000,0x0000000100000000)
 ParOldGen       total 76800K, used 14984K [0x0000000090c00000, 0x0000000095700000, 0x00000000daf00000)
  object space 76800K, 19% used [0x0000000090c00000,0x0000000091aa20d8,0x0000000095700000)
 Metaspace       used 12236K, capacity 12508K, committed 12544K, reserved 1060864K
  class space    used 1416K, capacity 1516K, committed 1536K, reserved 1048576K
Event: 14.804 GC heap after
Heap after GC invocations=14 (full 0):
 PSYoungGen      total 599040K, used 4627K [0x00000000daf00000, 0x0000000100000000, 0x0000000100000000)
  eden space 590336K, 0% used [0x00000000daf00000,0x00000000daf00000,0x00000000fef80000)
  from space 8704K, 53% used [0x00000000ff780000,0x00000000ffc04f68,0x0000000100000000)
  to   space 8192K, 0% used [0x00000000fef80000,0x00000000fef80000,0x00000000ff780000)
 ParOldGen       total 76800K, used 17464K [0x0000000090c00000, 0x0000000095700000, 0x00000000daf00000)
  object space 76800K, 22% used [0x0000000090c00000,0x0000000091d0e0e8,0x0000000095700000)
 Metaspace       used 12236K, capacity 12508K, committed 12544K, reserved 1060864K
  class space    used 1416K, capacity 1516K, committed 1536K, reserved 1048576K
}
Event: 15.771 GC heap before
{Heap before GC invocations=15 (full 0):
 PSYoungGen      total 599040K, used 594963K [0x00000000daf00000, 0x0000000100000000, 0x0000000100000000)
  eden space 590336K, 100% used [0x00000000daf00000,0x00000000fef80000,0x00000000fef80000)
  from space 8704K, 53% used [0x00000000ff780000,0x00000000ffc04f68,0x0000000100000000)
  to   space 8192K, 0% used [0x00000000fef80000,0x00000000fef80000,0x00000000ff780000)
 ParOldGen       total 76800K, used 17464K [0x0000000090c00000, 0x0000000095700000, 0x00000000daf00000)
  object space 76800K, 22% used [0x0000000090c00000,0x0000000091d0e0e8,0x0000000095700000)
 Metaspace       used 12242K, capacity 12508K, committed 12544K, reserved 1060864K
  class space    used 1416K, capacity 1516K, committed 1536K, reserved 1048576K
Event: 15.801 GC heap after
Heap after GC invocations=15 (full 0):
 PSYoungGen      total 598528K, used 8163K [0x00000000daf00000, 0x0000000100000000, 0x0000000100000000)
  eden space 590336K, 0% used [0x00000000daf00000,0x00000000daf00000,0x00000000fef80000)
  from space 8192K, 99% used [0x00000000fef80000,0x00000000ff778f80,0x00000000ff780000)
  to   space 8704K, 0% used [0x00000000ff780000,0x00000000ff780000,0x0000000100000000)
 ParOldGen       total 76800K, used 22576K [0x0000000090c00000, 0x0000000095700000, 0x00000000daf00000)
  object space 76800K, 29% used [0x0000000090c00000,0x000000009220c0f0,0x0000000095700000)
 Metaspace       used 12242K, capacity 12508K, committed 12544K, reserved 1060864K
  class space    used 1416K, capacity 1516K, committed 1536K, reserved 1048576K
}
Event: 16.475 GC heap before
{Heap before GC invocations=16 (full 0):
 PSYoungGen      total 598528K, used 598499K [0x00000000daf00000, 0x0000000100000000, 0x0000000100000000)
  eden space 590336K, 100% used [0x00000000daf00000,0x00000000fef80000,0x00000000fef80000)
  from space 8192K, 99% used [0x00000000fef80000,0x00000000ff778f80,0x00000000ff780000)
  to   space 8704K, 0% used [0x00000000ff780000,0x00000000ff780000,0x0000000100000000)
 ParOldGen       total 76800K, used 22576K [0x0000000090c00000, 0x0000000095700000, 0x00000000daf00000)
  object space 76800K, 29% used [0x0000000090c00000,0x000000009220c0f0,0x0000000095700000)
 Metaspace       used 12264K, capacity 12508K, committed 12544K, reserved 1060864K
  class space    used 1417K, capacity 1516K, committed 1536K, reserved 1048576K
Event: 16.497 GC heap after
Heap after GC invocations=16 (full 0):
 PSYoungGen      total 594432K, used 4915K [0x00000000daf00000, 0x0000000100000000, 0x0000000100000000)
  eden space 585728K, 0% used [0x00000000daf00000,0x00000000daf00000,0x00000000feb00000)
  from space 8704K, 56% used [0x00000000ff780000,0x00000000ffc4cf70,0x0000000100000000)
  to   space 10752K, 0% used [0x00000000feb00000,0x00000000feb00000,0x00000000ff580000)
 ParOldGen       total 76800K, used 29304K [0x0000000090c00000, 0x0000000095700000, 0x00000000daf00000)
  object space 76800K, 38% used [0x0000000090c00000,0x000000009289e120,0x0000000095700000)
 Metaspace       used 12264K, capacity 12508K, committed 12544K, reserved 1060864K
  class space    used 1417K, capacity 1516K, committed 1536K, reserved 1048576K
}

