# JRE version: Java(TM) SE Runtime Environment (8.0_161-b12) (build 1.8.0_161-b12)
# Java VM: Java HotSpot(TM) 64-Bit Server VM (25.161-b12 mixed mode windows-amd64 compressed oops)
Heap:
 PSYoungGen      total 600576K, used 580081K [0x00000000daf00000, 0x00000000fff80000, 0x0000000100000000)
  eden space 594432K, 97% used [0x00000000daf00000,0x00000000fe26b4a8,0x00000000ff380000)
  from space 6144K, 51% used [0x00000000ff980000,0x00000000ffc90f58,0x00000000fff80000)
  to   space 6144K, 0% used [0x00000000ff380000,0x00000000ff380000,0x00000000ff980000)
 ParOldGen       total 76800K, used 26593K [0x0000000090c00000, 0x0000000095700000, 0x00000000daf00000)
  object space 76800K, 34% used [0x0000000090c00000,0x00000000925f8518,0x0000000095700000)
 Metaspace       used 12479K, capacity 12796K, committed 12928K, reserved 1060864K
  class space    used 1446K, capacity 1548K, committed 1664K, reserved 1048576K
GC Heap History (10 events):
Event: 1635.420 GC heap before
{Heap before GC invocations=10 (full 0):
 PSYoungGen      total 233472K, used 232555K [0x00000000daf00000, 0x00000000f1e00000, 0x0000000100000000)
  eden space 227840K, 100% used [0x00000000daf00000,0x00000000e8d80000,0x00000000e8d80000)
  from space 5632K, 83% used [0x00000000e8d80000,0x00000000e921aec8,0x00000000e9300000)
  to   space 5632K, 0% used [0x00000000f1880000,0x00000000f1880000,0x00000000f1e00000)
 ParOldGen       total 76800K, used 16937K [0x0000000090c00000, 0x0000000095700000, 0x00000000daf00000)
  object space 76800K, 22% used [0x0000000090c00000,0x0000000091c8a4e8,0x0000000095700000)
 Metaspace       used 12336K, capacity 12604K, committed 12928K, reserved 1060864K
  class space    used 1445K, capacity 1548K, committed 1664K, reserved 1048576K
Event: 1635.428 GC heap after
Heap after GC invocations=10 (full 0):
 PSYoungGen      total 369664K, used 5363K [0x00000000daf00000, 0x00000000f1f00000, 0x0000000100000000)
  eden space 364032K, 0% used [0x00000000daf00000,0x00000000daf00000,0x00000000f1280000)
  from space 5632K, 95% used [0x00000000f1880000,0x00000000f1dbcf68,0x00000000f1e00000)
  to   space 6144K, 0% used [0x00000000f1280000,0x00000000f1280000,0x00000000f1880000)
 ParOldGen       total 76800K, used 17409K [0x0000000090c00000, 0x0000000095700000, 0x00000000daf00000)
  object space 76800K, 22% used [0x0000000090c00000,0x0000000091d004e8,0x0000000095700000)
 Metaspace       used 12336K, capacity 12604K, committed 12928K, reserved 1060864K
  class space    used 1445K, capacity 1548K, committed 1664K, reserved 1048576K
}
Event: 1635.784 GC heap before
{Heap before GC invocations=11 (full 0):
 PSYoungGen      total 369664K, used 369395K [0x00000000daf00000, 0x00000000f1f00000, 0x0000000100000000)
  eden space 364032K, 100% used [0x00000000daf00000,0x00000000f1280000,0x00000000f1280000)
  from space 5632K, 95% used [0x00000000f1880000,0x00000000f1dbcf68,0x00000000f1e00000)
  to   space 6144K, 0% used [0x00000000f1280000,0x00000000f1280000,0x00000000f1880000)
 ParOldGen       total 76800K, used 17409K [0x0000000090c00000, 0x0000000095700000, 0x00000000daf00000)
  object space 76800K, 22% used [0x0000000090c00000,0x0000000091d004e8,0x0000000095700000)
 Metaspace       used 12361K, capacity 12604K, committed 12928K, reserved 1060864K
  class space    used 1445K, capacity 1548K, committed 1664K, reserved 1048576K
Event: 1635.795 GC heap after
Heap after GC invocations=11 (full 0):
 PSYoungGen      total 370176K, used 2531K [0x00000000daf00000, 0x00000000ff400000, 0x0000000100000000)
  eden space 364032K, 0% used [0x00000000daf00000,0x00000000daf00000,0x00000000f1280000)
  from space 6144K, 41% used [0x00000000f1280000,0x00000000f14f8f58,0x00000000f1880000)
  to   space 6144K, 0% used [0x00000000fee00000,0x00000000fee00000,0x00000000ff400000)
 ParOldGen       total 76800K, used 21113K [0x0000000090c00000, 0x0000000095700000, 0x00000000daf00000)
  object space 76800K, 27% used [0x0000000090c00000,0x000000009209e4f8,0x0000000095700000)
 Metaspace       used 12361K, capacity 12604K, committed 12928K, reserved 1060864K
  class space    used 1445K, capacity 1548K, committed 1664K, reserved 1048576K
}
Event: 1636.018 GC heap before
{Heap before GC invocations=12 (full 0):
 PSYoungGen      total 370176K, used 366563K [0x00000000daf00000, 0x00000000ff400000, 0x0000000100000000)
  eden space 364032K, 100% used [0x00000000daf00000,0x00000000f1280000,0x00000000f1280000)
  from space 6144K, 41% used [0x00000000f1280000,0x00000000f14f8f58,0x00000000f1880000)
  to   space 6144K, 0% used [0x00000000fee00000,0x00000000fee00000,0x00000000ff400000)
 ParOldGen       total 76800K, used 21113K [0x0000000090c00000, 0x0000000095700000, 0x00000000daf00000)
  object space 76800K, 27% used [0x0000000090c00000,0x000000009209e4f8,0x0000000095700000)
 Metaspace       used 12378K, capacity 12604K, committed 12928K, reserved 1060864K
  class space    used 1445K, capacity 1548K, committed 1664K, reserved 1048576K
Event: 1636.027 GC heap after
Heap after GC invocations=12 (full 0):
 PSYoungGen      total 588800K, used 3719K [0x00000000daf00000, 0x00000000ff400000, 0x0000000100000000)
  eden space 582656K, 0% used [0x00000000daf00000,0x00000000daf00000,0x00000000fe800000)
  from space 6144K, 60% used [0x00000000fee00000,0x00000000ff1a1ea0,0x00000000ff400000)
  to   space 6144K, 0% used [0x00000000fe800000,0x00000000fe800000,0x00000000fee00000)
 ParOldGen       total 76800K, used 22049K [0x0000000090c00000, 0x0000000095700000, 0x00000000daf00000)
  object space 76800K, 28% used [0x0000000090c00000,0x0000000092188500,0x0000000095700000)
 Metaspace       used 12378K, capacity 12604K, committed 12928K, reserved 1060864K
  class space    used 1445K, capacity 1548K, committed 1664K, reserved 1048576K
}
Event: 1636.728 GC heap before
{Heap before GC invocations=13 (full 0):
 PSYoungGen      total 588800K, used 586375K [0x00000000daf00000, 0x00000000ff400000, 0x0000000100000000)
  eden space 582656K, 100% used [0x00000000daf00000,0x00000000fe800000,0x00000000fe800000)
  from space 6144K, 60% used [0x00000000fee00000,0x00000000ff1a1ea0,0x00000000ff400000)
  to   space 6144K, 0% used [0x00000000fe800000,0x00000000fe800000,0x00000000fee00000)
 ParOldGen       total 76800K, used 22049K [0x0000000090c00000, 0x0000000095700000, 0x00000000daf00000)
  object space 76800K, 28% used [0x0000000090c00000,0x0000000092188500,0x0000000095700000)
 Metaspace       used 12442K, capacity 12668K, committed 12928K, reserved 1060864K
  class space    used 1445K, capacity 1548K, committed 1664K, reserved 1048576K
Event: 1636.742 GC heap after
Heap after GC invocations=13 (full 0):
 PSYoungGen      total 588800K, used 5323K [0x00000000daf00000, 0x0000000100000000, 0x0000000100000000)
  eden space 582656K, 0% used [0x00000000daf00000,0x00000000daf00000,0x00000000fe800000)
  from space 6144K, 86% used [0x00000000fe800000,0x00000000fed32f68,0x00000000fee00000)
  to   space 6656K, 0% used [0x00000000ff980000,0x00000000ff980000,0x0000000100000000)
 ParOldGen       total 76800K, used 25145K [0x0000000090c00000, 0x0000000095700000, 0x00000000daf00000)
  object space 76800K, 32% used [0x0000000090c00000,0x000000009248e508,0x0000000095700000)
 Metaspace       used 12442K, capacity 12668K, committed 12928K, reserved 1060864K
  class space    used 1445K, capacity 1548K, committed 1664K, reserved 1048576K
}
Event: 1637.075 GC heap before
{Heap before GC invocations=14 (full 0):
 PSYoungGen      total 588800K, used 587979K [0x00000000daf00000, 0x0000000100000000, 0x0000000100000000)
  eden space 582656K, 100% used [0x00000000daf00000,0x00000000fe800000,0x00000000fe800000)
  from space 6144K, 86% used [0x00000000fe800000,0x00000000fed32f68,0x00000000fee00000)
  to   space 6656K, 0% used [0x00000000ff980000,0x00000000ff980000,0x0000000100000000)
 ParOldGen       total 76800K, used 25145K [0x0000000090c00000, 0x0000000095700000, 0x00000000daf00000)
  object space 76800K, 32% used [0x0000000090c00000,0x000000009248e508,0x0000000095700000)
 Metaspace       used 12451K, capacity 12668K, committed 12928K, reserved 1060864K
  class space    used 1445K, capacity 1548K, committed 1664K, reserved 1048576K
Event: 1637.086 GC heap after
Heap after GC invocations=14 (full 0):
 PSYoungGen      total 600576K, used 3139K [0x00000000daf00000, 0x00000000fff80000, 0x0000000100000000)
  eden space 594432K, 0% used [0x00000000daf00000,0x00000000daf00000,0x00000000ff380000)
  from space 6144K, 51% used [0x00000000ff980000,0x00000000ffc90f58,0x00000000fff80000)
  to   space 6144K, 0% used [0x00000000ff380000,0x00000000ff380000,0x00000000ff980000)
 ParOldGen       total 76800K, used 26593K [0x0000000090c00000, 0x0000000095700000, 0x00000000daf00000)
  object space 76800K, 34% used [0x0000000090c00000,0x00000000925f8518,0x0000000095700000)
 Metaspace       used 12451K, capacity 12668K, committed 12928K, reserved 1060864K
  class space    used 1445K, capacity 1548K, committed 1664K, reserved 1048576K
}

