# JRE version: Java(TM) SE Runtime Environment (8.0_161-b12) (build 1.8.0_161-b12)
# Java VM: Java HotSpot(TM) 64-Bit Server VM (25.161-b12 mixed mode windows-amd64 compressed oops)
Heap:
 PSYoungGen      total 591872K, used 280670K [0x00000000daf00000, 0x00000000ff600000, 0x0000000100000000)
  eden space 586752K, 47% used [0x00000000daf00000,0x00000000ebf23a58,0x00000000fec00000)
  from space 5120K, 39% used [0x00000000ff100000,0x00000000ff2f4018,0x00000000ff600000)
  to   space 5120K, 0% used [0x00000000fec00000,0x00000000fec00000,0x00000000ff100000)
 ParOldGen       total 76800K, used 10602K [0x0000000090c00000, 0x0000000095700000, 0x00000000daf00000)
  object space 76800K, 13% used [0x0000000090c00000,0x000000009165a988,0x0000000095700000)
 Metaspace       used 11840K, capacity 12092K, committed 12288K, reserved 1060864K
  class space    used 1404K, capacity 1484K, committed 1536K, reserved 1048576K
GC Heap History (10 events):
Event: 10.431 GC heap before
{Heap before GC invocations=8 (full 0):
 PSYoungGen      total 118784K, used 116384K [0x00000000daf00000, 0x00000000e9800000, 0x0000000100000000)
  eden space 114688K, 100% used [0x00000000daf00000,0x00000000e1f00000,0x00000000e1f00000)
  from space 4096K, 41% used [0x00000000e1f00000,0x00000000e20a8020,0x00000000e2300000)
  to   space 4608K, 0% used [0x00000000e9380000,0x00000000e9380000,0x00000000e9800000)
 ParOldGen       total 76800K, used 2922K [0x0000000090c00000, 0x0000000095700000, 0x00000000daf00000)
  object space 76800K, 3% used [0x0000000090c00000,0x0000000090eda960,0x0000000095700000)
 Metaspace       used 11798K, capacity 12028K, committed 12288K, reserved 1060864K
  class space    used 1404K, capacity 1484K, committed 1536K, reserved 1048576K
Event: 10.436 GC heap after
Heap after GC invocations=8 (full 0):
 PSYoungGen      total 233984K, used 2816K [0x00000000daf00000, 0x00000000e9800000, 0x0000000100000000)
  eden space 229376K, 0% used [0x00000000daf00000,0x00000000daf00000,0x00000000e8f00000)
  from space 4608K, 61% used [0x00000000e9380000,0x00000000e9640028,0x00000000e9800000)
  to   space 4608K, 0% used [0x00000000e8f00000,0x00000000e8f00000,0x00000000e9380000)
 ParOldGen       total 76800K, used 3170K [0x0000000090c00000, 0x0000000095700000, 0x00000000daf00000)
  object space 76800K, 4% used [0x0000000090c00000,0x0000000090f18960,0x0000000095700000)
 Metaspace       used 11798K, capacity 12028K, committed 12288K, reserved 1060864K
  class space    used 1404K, capacity 1484K, committed 1536K, reserved 1048576K
}
Event: 10.905 GC heap before
{Heap before GC invocations=9 (full 0):
 PSYoungGen      total 233984K, used 232192K [0x00000000daf00000, 0x00000000e9800000, 0x0000000100000000)
  eden space 229376K, 100% used [0x00000000daf00000,0x00000000e8f00000,0x00000000e8f00000)
  from space 4608K, 61% used [0x00000000e9380000,0x00000000e9640028,0x00000000e9800000)
  to   space 4608K, 0% used [0x00000000e8f00000,0x00000000e8f00000,0x00000000e9380000)
 ParOldGen       total 76800K, used 3170K [0x0000000090c00000, 0x0000000095700000, 0x00000000daf00000)
  object space 76800K, 4% used [0x0000000090c00000,0x0000000090f18960,0x0000000095700000)
 Metaspace       used 11819K, capacity 12028K, committed 12288K, reserved 1060864K
  class space    used 1404K, capacity 1484K, committed 1536K, reserved 1048576K
Event: 10.917 GC heap after
Heap after GC invocations=9 (full 0):
 PSYoungGen      total 233984K, used 2864K [0x00000000daf00000, 0x00000000f1e80000, 0x0000000100000000)
  eden space 229376K, 0% used [0x00000000daf00000,0x00000000daf00000,0x00000000e8f00000)
  from space 4608K, 62% used [0x00000000e8f00000,0x00000000e91cc030,0x00000000e9380000)
  to   space 4608K, 0% used [0x00000000f1a00000,0x00000000f1a00000,0x00000000f1e80000)
 ParOldGen       total 76800K, used 3618K [0x0000000090c00000, 0x0000000095700000, 0x00000000daf00000)
  object space 76800K, 4% used [0x0000000090c00000,0x0000000090f88960,0x0000000095700000)
 Metaspace       used 11819K, capacity 12028K, committed 12288K, reserved 1060864K
  class space    used 1404K, capacity 1484K, committed 1536K, reserved 1048576K
}
Event: 14.070 GC heap before
{Heap before GC invocations=10 (full 0):
 PSYoungGen      total 233984K, used 232240K [0x00000000daf00000, 0x00000000f1e80000, 0x0000000100000000)
  eden space 229376K, 100% used [0x00000000daf00000,0x00000000e8f00000,0x00000000e8f00000)
  from space 4608K, 62% used [0x00000000e8f00000,0x00000000e91cc030,0x00000000e9380000)
  to   space 4608K, 0% used [0x00000000f1a00000,0x00000000f1a00000,0x00000000f1e80000)
 ParOldGen       total 76800K, used 3618K [0x0000000090c00000, 0x0000000095700000, 0x00000000daf00000)
  object space 76800K, 4% used [0x0000000090c00000,0x0000000090f88960,0x0000000095700000)
 Metaspace       used 11835K, capacity 12092K, committed 12288K, reserved 1060864K
  class space    used 1404K, capacity 1484K, committed 1536K, reserved 1048576K
Event: 14.081 GC heap after
Heap after GC invocations=10 (full 0):
 PSYoungGen      total 371200K, used 4592K [0x00000000daf00000, 0x00000000f1f80000, 0x0000000100000000)
  eden space 366592K, 0% used [0x00000000daf00000,0x00000000daf00000,0x00000000f1500000)
  from space 4608K, 99% used [0x00000000f1a00000,0x00000000f1e7c038,0x00000000f1e80000)
  to   space 5120K, 0% used [0x00000000f1500000,0x00000000f1500000,0x00000000f1a00000)
 ParOldGen       total 76800K, used 4562K [0x0000000090c00000, 0x0000000095700000, 0x00000000daf00000)
  object space 76800K, 5% used [0x0000000090c00000,0x0000000091074960,0x0000000095700000)
 Metaspace       used 11835K, capacity 12092K, committed 12288K, reserved 1060864K
  class space    used 1404K, capacity 1484K, committed 1536K, reserved 1048576K
}
Event: 14.595 GC heap before
{Heap before GC invocations=11 (full 0):
 PSYoungGen      total 371200K, used 371184K [0x00000000daf00000, 0x00000000f1f80000, 0x0000000100000000)
  eden space 366592K, 100% used [0x00000000daf00000,0x00000000f1500000,0x00000000f1500000)
  from space 4608K, 99% used [0x00000000f1a00000,0x00000000f1e7c038,0x00000000f1e80000)
  to   space 5120K, 0% used [0x00000000f1500000,0x00000000f1500000,0x00000000f1a00000)
 ParOldGen       total 76800K, used 4562K [0x0000000090c00000, 0x0000000095700000, 0x00000000daf00000)
  object space 76800K, 5% used [0x0000000090c00000,0x0000000091074960,0x0000000095700000)
 Metaspace       used 11835K, capacity 12092K, committed 12288K, reserved 1060864K
  class space    used 1404K, capacity 1484K, committed 1536K, reserved 1048576K
Event: 14.614 GC heap after
Heap after GC invocations=11 (full 0):
 PSYoungGen      total 371712K, used 1632K [0x00000000daf00000, 0x00000000ff600000, 0x0000000100000000)
  eden space 366592K, 0% used [0x00000000daf00000,0x00000000daf00000,0x00000000f1500000)
  from space 5120K, 31% used [0x00000000f1500000,0x00000000f1698000,0x00000000f1a00000)
  to   space 5120K, 0% used [0x00000000ff100000,0x00000000ff100000,0x00000000ff600000)
 ParOldGen       total 76800K, used 9122K [0x0000000090c00000, 0x0000000095700000, 0x00000000daf00000)
  object space 76800K, 11% used [0x0000000090c00000,0x00000000914e8988,0x0000000095700000)
 Metaspace       used 11835K, capacity 12092K, committed 12288K, reserved 1060864K
  class space    used 1404K, capacity 1484K, committed 1536K, reserved 1048576K
}
Event: 15.350 GC heap before
{Heap before GC invocations=12 (full 0):
 PSYoungGen      total 371712K, used 368224K [0x00000000daf00000, 0x00000000ff600000, 0x0000000100000000)
  eden space 366592K, 100% used [0x00000000daf00000,0x00000000f1500000,0x00000000f1500000)
  from space 5120K, 31% used [0x00000000f1500000,0x00000000f1698000,0x00000000f1a00000)
  to   space 5120K, 0% used [0x00000000ff100000,0x00000000ff100000,0x00000000ff600000)
 ParOldGen       total 76800K, used 9122K [0x0000000090c00000, 0x0000000095700000, 0x00000000daf00000)
  object space 76800K, 11% used [0x0000000090c00000,0x00000000914e8988,0x0000000095700000)
 Metaspace       used 11839K, capacity 12092K, committed 12288K, reserved 1060864K
  class space    used 1404K, capacity 1484K, committed 1536K, reserved 1048576K
Event: 15.367 GC heap after
Heap after GC invocations=12 (full 0):
 PSYoungGen      total 591872K, used 2000K [0x00000000daf00000, 0x00000000ff600000, 0x0000000100000000)
  eden space 586752K, 0% used [0x00000000daf00000,0x00000000daf00000,0x00000000fec00000)
  from space 5120K, 39% used [0x00000000ff100000,0x00000000ff2f4018,0x00000000ff600000)
  to   space 5120K, 0% used [0x00000000fec00000,0x00000000fec00000,0x00000000ff100000)
 ParOldGen       total 76800K, used 10602K [0x0000000090c00000, 0x0000000095700000, 0x00000000daf00000)
  object space 76800K, 13% used [0x0000000090c00000,0x000000009165a988,0x0000000095700000)
 Metaspace       used 11839K, capacity 12092K, committed 12288K, reserved 1060864K
  class space    used 1404K, capacity 1484K, committed 1536K, reserved 1048576K
}

