# JRE version: Java(TM) SE Runtime Environment (8.0_161-b12) (build 1.8.0_161-b12)
# Java VM: Java HotSpot(TM) 64-Bit Server VM (25.161-b12 mixed mode windows-amd64 compressed oops)
Heap:
 PSYoungGen      total 591360K, used 528812K [0x00000000daf00000, 0x00000000ff680000, 0x0000000100000000)
  eden space 585216K, 89% used [0x00000000daf00000,0x00000000faebd2e8,0x00000000fea80000)
  from space 6144K, 77% used [0x00000000ff080000,0x00000000ff52deb8,0x00000000ff680000)
  to   space 6144K, 0% used [0x00000000fea80000,0x00000000fea80000,0x00000000ff080000)
 ParOldGen       total 76800K, used 10427K [0x0000000090c00000, 0x0000000095700000, 0x00000000daf00000)
  object space 76800K, 13% used [0x0000000090c00000,0x000000009162eff8,0x0000000095700000)
 Metaspace       used 11466K, capacity 11656K, committed 11776K, reserved 1058816K
  class space    used 1352K, capacity 1448K, committed 1536K, reserved 1048576K
GC Heap History (10 events):
Event: 25.333 GC heap before
{Heap before GC invocations=8 (full 0):
 PSYoungGen      total 120320K, used 117219K [0x00000000daf00000, 0x00000000e9a00000, 0x0000000100000000)
  eden space 114176K, 100% used [0x00000000daf00000,0x00000000e1e80000,0x00000000e1e80000)
  from space 6144K, 49% used [0x00000000e1e80000,0x00000000e2178f80,0x00000000e2480000)
  to   space 6144K, 0% used [0x00000000e9400000,0x00000000e9400000,0x00000000e9a00000)
 ParOldGen       total 76800K, used 2753K [0x0000000090c00000, 0x0000000095700000, 0x00000000daf00000)
  object space 76800K, 3% used [0x0000000090c00000,0x0000000090eb0778,0x0000000095700000)
 Metaspace       used 11249K, capacity 11460K, committed 11776K, reserved 1058816K
  class space    used 1347K, capacity 1448K, committed 1536K, reserved 1048576K
Event: 25.341 GC heap after
Heap after GC invocations=8 (full 0):
 PSYoungGen      total 234496K, used 5063K [0x00000000daf00000, 0x00000000e9a00000, 0x0000000100000000)
  eden space 228352K, 0% used [0x00000000daf00000,0x00000000daf00000,0x00000000e8e00000)
  from space 6144K, 82% used [0x00000000e9400000,0x00000000e98f1ec0,0x00000000e9a00000)
  to   space 6144K, 0% used [0x00000000e8e00000,0x00000000e8e00000,0x00000000e9400000)
 ParOldGen       total 76800K, used 2977K [0x0000000090c00000, 0x0000000095700000, 0x00000000daf00000)
  object space 76800K, 3% used [0x0000000090c00000,0x0000000090ee8778,0x0000000095700000)
 Metaspace       used 11249K, capacity 11460K, committed 11776K, reserved 1058816K
  class space    used 1347K, capacity 1448K, committed 1536K, reserved 1048576K
}
Event: 25.888 GC heap before
{Heap before GC invocations=9 (full 0):
 PSYoungGen      total 234496K, used 233415K [0x00000000daf00000, 0x00000000e9a00000, 0x0000000100000000)
  eden space 228352K, 100% used [0x00000000daf00000,0x00000000e8e00000,0x00000000e8e00000)
  from space 6144K, 82% used [0x00000000e9400000,0x00000000e98f1ec0,0x00000000e9a00000)
  to   space 6144K, 0% used [0x00000000e8e00000,0x00000000e8e00000,0x00000000e9400000)
 ParOldGen       total 76800K, used 3027K [0x0000000090c00000, 0x0000000095700000, 0x00000000daf00000)
  object space 76800K, 3% used [0x0000000090c00000,0x0000000090ef4fd0,0x0000000095700000)
 Metaspace       used 11277K, capacity 11460K, committed 11776K, reserved 1058816K
  class space    used 1347K, capacity 1448K, committed 1536K, reserved 1048576K
Event: 25.901 GC heap after
Heap after GC invocations=9 (full 0):
 PSYoungGen      total 234496K, used 4195K [0x00000000daf00000, 0x00000000f2000000, 0x0000000100000000)
  eden space 228352K, 0% used [0x00000000daf00000,0x00000000daf00000,0x00000000e8e00000)
  from space 6144K, 68% used [0x00000000e8e00000,0x00000000e9218f70,0x00000000e9400000)
  to   space 6144K, 0% used [0x00000000f1a00000,0x00000000f1a00000,0x00000000f2000000)
 ParOldGen       total 76800K, used 3483K [0x0000000090c00000, 0x0000000095700000, 0x00000000daf00000)
  object space 76800K, 4% used [0x0000000090c00000,0x0000000090f66fd0,0x0000000095700000)
 Metaspace       used 11277K, capacity 11460K, committed 11776K, reserved 1058816K
  class space    used 1347K, capacity 1448K, committed 1536K, reserved 1048576K
}
Event: 26.262 GC heap before
{Heap before GC invocations=10 (full 0):
 PSYoungGen      total 234496K, used 232547K [0x00000000daf00000, 0x00000000f2000000, 0x0000000100000000)
  eden space 228352K, 100% used [0x00000000daf00000,0x00000000e8e00000,0x00000000e8e00000)
  from space 6144K, 68% used [0x00000000e8e00000,0x00000000e9218f70,0x00000000e9400000)
  to   space 6144K, 0% used [0x00000000f1a00000,0x00000000f1a00000,0x00000000f2000000)
 ParOldGen       total 76800K, used 3483K [0x0000000090c00000, 0x0000000095700000, 0x00000000daf00000)
  object space 76800K, 4% used [0x0000000090c00000,0x0000000090f66fd0,0x0000000095700000)
 Metaspace       used 11327K, capacity 11524K, committed 11776K, reserved 1058816K
  class space    used 1349K, capacity 1448K, committed 1536K, reserved 1048576K
Event: 26.274 GC heap after
Heap after GC invocations=10 (full 0):
 PSYoungGen      total 371712K, used 4915K [0x00000000daf00000, 0x00000000f2000000, 0x0000000100000000)
  eden space 365568K, 0% used [0x00000000daf00000,0x00000000daf00000,0x00000000f1400000)
  from space 6144K, 80% used [0x00000000f1a00000,0x00000000f1eccf80,0x00000000f2000000)
  to   space 6144K, 0% used [0x00000000f1400000,0x00000000f1400000,0x00000000f1a00000)
 ParOldGen       total 76800K, used 4395K [0x0000000090c00000, 0x0000000095700000, 0x00000000daf00000)
  object space 76800K, 5% used [0x0000000090c00000,0x000000009104afd0,0x0000000095700000)
 Metaspace       used 11327K, capacity 11524K, committed 11776K, reserved 1058816K
  class space    used 1349K, capacity 1448K, committed 1536K, reserved 1048576K
}
Event: 26.991 GC heap before
{Heap before GC invocations=11 (full 0):
 PSYoungGen      total 371712K, used 370483K [0x00000000daf00000, 0x00000000f2000000, 0x0000000100000000)
  eden space 365568K, 100% used [0x00000000daf00000,0x00000000f1400000,0x00000000f1400000)
  from space 6144K, 80% used [0x00000000f1a00000,0x00000000f1eccf80,0x00000000f2000000)
  to   space 6144K, 0% used [0x00000000f1400000,0x00000000f1400000,0x00000000f1a00000)
 ParOldGen       total 76800K, used 4395K [0x0000000090c00000, 0x0000000095700000, 0x00000000daf00000)
  object space 76800K, 5% used [0x0000000090c00000,0x000000009104afd0,0x0000000095700000)
 Metaspace       used 11402K, capacity 11588K, committed 11776K, reserved 1058816K
  class space    used 1350K, capacity 1448K, committed 1536K, reserved 1048576K
Event: 27.012 GC heap after
Heap after GC invocations=11 (full 0):
 PSYoungGen      total 371712K, used 3011K [0x00000000daf00000, 0x00000000ff680000, 0x0000000100000000)
  eden space 365568K, 0% used [0x00000000daf00000,0x00000000daf00000,0x00000000f1400000)
  from space 6144K, 49% used [0x00000000f1400000,0x00000000f16f0f50,0x00000000f1a00000)
  to   space 6144K, 0% used [0x00000000ff080000,0x00000000ff080000,0x00000000ff680000)
 ParOldGen       total 76800K, used 8955K [0x0000000090c00000, 0x0000000095700000, 0x00000000daf00000)
  object space 76800K, 11% used [0x0000000090c00000,0x00000000914beff8,0x0000000095700000)
 Metaspace       used 11402K, capacity 11588K, committed 11776K, reserved 1058816K
  class space    used 1350K, capacity 1448K, committed 1536K, reserved 1048576K
}
Event: 27.511 GC heap before
{Heap before GC invocations=12 (full 0):
 PSYoungGen      total 371712K, used 368579K [0x00000000daf00000, 0x00000000ff680000, 0x0000000100000000)
  eden space 365568K, 100% used [0x00000000daf00000,0x00000000f1400000,0x00000000f1400000)
  from space 6144K, 49% used [0x00000000f1400000,0x00000000f16f0f50,0x00000000f1a00000)
  to   space 6144K, 0% used [0x00000000ff080000,0x00000000ff080000,0x00000000ff680000)
 ParOldGen       total 76800K, used 8955K [0x0000000090c00000, 0x0000000095700000, 0x00000000daf00000)
  object space 76800K, 11% used [0x0000000090c00000,0x00000000914beff8,0x0000000095700000)
 Metaspace       used 11413K, capacity 11592K, committed 11776K, reserved 1058816K
  class space    used 1350K, capacity 1448K, committed 1536K, reserved 1048576K
Event: 27.531 GC heap after
Heap after GC invocations=12 (full 0):
 PSYoungGen      total 591360K, used 4791K [0x00000000daf00000, 0x00000000ff680000, 0x0000000100000000)
  eden space 585216K, 0% used [0x00000000daf00000,0x00000000daf00000,0x00000000fea80000)
  from space 6144K, 77% used [0x00000000ff080000,0x00000000ff52deb8,0x00000000ff680000)
  to   space 6144K, 0% used [0x00000000fea80000,0x00000000fea80000,0x00000000ff080000)
 ParOldGen       total 76800K, used 10427K [0x0000000090c00000, 0x0000000095700000, 0x00000000daf00000)
  object space 76800K, 13% used [0x0000000090c00000,0x000000009162eff8,0x0000000095700000)
 Metaspace       used 11413K, capacity 11592K, committed 11776K, reserved 1058816K
  class space    used 1350K, capacity 1448K, committed 1536K, reserved 1048576K
}

