# JRE version: Java(TM) SE Runtime Environment (8.0_161-b12) (build 1.8.0_161-b12)
# Java VM: Java HotSpot(TM) 64-Bit Server VM (25.161-b12 mixed mode windows-amd64 compressed oops)
Heap:
 PSYoungGen      total 600064K, used 216659K [0x00000000daf00000, 0x0000000100000000, 0x0000000100000000)
  eden space 592896K, 35% used [0x00000000daf00000,0x00000000e7ba7f50,0x00000000ff200000)
  from space 7168K, 98% used [0x00000000ff200000,0x00000000ff8ecf78,0x00000000ff900000)
  to   space 7168K, 0% used [0x00000000ff900000,0x00000000ff900000,0x0000000100000000)
 ParOldGen       total 76800K, used 24031K [0x0000000090c00000, 0x0000000095700000, 0x00000000daf00000)
  object space 76800K, 31% used [0x0000000090c00000,0x0000000092377da8,0x0000000095700000)
 Metaspace       used 12157K, capacity 12380K, committed 12544K, reserved 1060864K
  class space    used 1419K, capacity 1516K, committed 1536K, reserved 1048576K
GC Heap History (10 events):
Event: 16.172 GC heap before
{Heap before GC invocations=11 (full 0):
 PSYoungGen      total 372224K, used 372199K [0x00000000daf00000, 0x00000000f2380000, 0x0000000100000000)
  eden space 366080K, 100% used [0x00000000daf00000,0x00000000f1480000,0x00000000f1480000)
  from space 6144K, 99% used [0x00000000f1b80000,0x00000000f2179ec0,0x00000000f2180000)
  to   space 7168K, 0% used [0x00000000f1480000,0x00000000f1480000,0x00000000f1b80000)
 ParOldGen       total 76800K, used 6135K [0x0000000090c00000, 0x0000000095700000, 0x00000000daf00000)
  object space 76800K, 7% used [0x0000000090c00000,0x00000000911fdd40,0x0000000095700000)
 Metaspace       used 12094K, capacity 12316K, committed 12544K, reserved 1060864K
  class space    used 1419K, capacity 1516K, committed 1536K, reserved 1048576K
Event: 16.188 GC heap after
Heap after GC invocations=11 (full 0):
 PSYoungGen      total 373248K, used 4375K [0x00000000daf00000, 0x00000000ff800000, 0x0000000100000000)
  eden space 366080K, 0% used [0x00000000daf00000,0x00000000daf00000,0x00000000f1480000)
  from space 7168K, 61% used [0x00000000f1480000,0x00000000f18c5eb0,0x00000000f1b80000)
  to   space 6656K, 0% used [0x00000000ff180000,0x00000000ff180000,0x00000000ff800000)
 ParOldGen       total 76800K, used 10559K [0x0000000090c00000, 0x0000000095700000, 0x00000000daf00000)
  object space 76800K, 13% used [0x0000000090c00000,0x000000009164fd68,0x0000000095700000)
 Metaspace       used 12094K, capacity 12316K, committed 12544K, reserved 1060864K
  class space    used 1419K, capacity 1516K, committed 1536K, reserved 1048576K
}
Event: 16.687 GC heap before
{Heap before GC invocations=12 (full 0):
 PSYoungGen      total 373248K, used 370455K [0x00000000daf00000, 0x00000000ff800000, 0x0000000100000000)
  eden space 366080K, 100% used [0x00000000daf00000,0x00000000f1480000,0x00000000f1480000)
  from space 7168K, 61% used [0x00000000f1480000,0x00000000f18c5eb0,0x00000000f1b80000)
  to   space 6656K, 0% used [0x00000000ff180000,0x00000000ff180000,0x00000000ff800000)
 ParOldGen       total 76800K, used 10559K [0x0000000090c00000, 0x0000000095700000, 0x00000000daf00000)
  object space 76800K, 13% used [0x0000000090c00000,0x000000009164fd68,0x0000000095700000)
 Metaspace       used 12125K, capacity 12380K, committed 12544K, reserved 1060864K
  class space    used 1419K, capacity 1516K, committed 1536K, reserved 1048576K
Event: 16.706 GC heap after
Heap after GC invocations=12 (full 0):
 PSYoungGen      total 592384K, used 3379K [0x00000000daf00000, 0x00000000ff800000, 0x0000000100000000)
  eden space 585728K, 0% used [0x00000000daf00000,0x00000000daf00000,0x00000000feb00000)
  from space 6656K, 50% used [0x00000000ff180000,0x00000000ff4ccf68,0x00000000ff800000)
  to   space 6656K, 0% used [0x00000000feb00000,0x00000000feb00000,0x00000000ff180000)
 ParOldGen       total 76800K, used 11991K [0x0000000090c00000, 0x0000000095700000, 0x00000000daf00000)
  object space 76800K, 15% used [0x0000000090c00000,0x00000000917b5d68,0x0000000095700000)
 Metaspace       used 12125K, capacity 12380K, committed 12544K, reserved 1060864K
  class space    used 1419K, capacity 1516K, committed 1536K, reserved 1048576K
}
Event: 17.778 GC heap before
{Heap before GC invocations=13 (full 0):
 PSYoungGen      total 592384K, used 589107K [0x00000000daf00000, 0x00000000ff800000, 0x0000000100000000)
  eden space 585728K, 100% used [0x00000000daf00000,0x00000000feb00000,0x00000000feb00000)
  from space 6656K, 50% used [0x00000000ff180000,0x00000000ff4ccf68,0x00000000ff800000)
  to   space 6656K, 0% used [0x00000000feb00000,0x00000000feb00000,0x00000000ff180000)
 ParOldGen       total 76800K, used 11991K [0x0000000090c00000, 0x0000000095700000, 0x00000000daf00000)
  object space 76800K, 15% used [0x0000000090c00000,0x00000000917b5d68,0x0000000095700000)
 Metaspace       used 12152K, capacity 12380K, committed 12544K, reserved 1060864K
  class space    used 1419K, capacity 1516K, committed 1536K, reserved 1048576K
Event: 17.798 GC heap after
Heap after GC invocations=13 (full 0):
 PSYoungGen      total 592384K, used 6531K [0x00000000daf00000, 0x0000000100000000, 0x0000000100000000)
  eden space 585728K, 0% used [0x00000000daf00000,0x00000000daf00000,0x00000000feb00000)
  from space 6656K, 98% used [0x00000000feb00000,0x00000000ff160f70,0x00000000ff180000)
  to   space 7168K, 0% used [0x00000000ff900000,0x00000000ff900000,0x0000000100000000)
 ParOldGen       total 76800K, used 13823K [0x0000000090c00000, 0x0000000095700000, 0x00000000daf00000)
  object space 76800K, 17% used [0x0000000090c00000,0x000000009197fd70,0x0000000095700000)
 Metaspace       used 12152K, capacity 12380K, committed 12544K, reserved 1060864K
  class space    used 1419K, capacity 1516K, committed 1536K, reserved 1048576K
}
Event: 18.590 GC heap before
{Heap before GC invocations=14 (full 0):
 PSYoungGen      total 592384K, used 592259K [0x00000000daf00000, 0x0000000100000000, 0x0000000100000000)
  eden space 585728K, 100% used [0x00000000daf00000,0x00000000feb00000,0x00000000feb00000)
  from space 6656K, 98% used [0x00000000feb00000,0x00000000ff160f70,0x00000000ff180000)
  to   space 7168K, 0% used [0x00000000ff900000,0x00000000ff900000,0x0000000100000000)
 ParOldGen       total 76800K, used 13823K [0x0000000090c00000, 0x0000000095700000, 0x00000000daf00000)
  object space 76800K, 17% used [0x0000000090c00000,0x000000009197fd70,0x0000000095700000)
 Metaspace       used 12154K, capacity 12380K, committed 12544K, reserved 1060864K
  class space    used 1419K, capacity 1516K, committed 1536K, reserved 1048576K
Event: 18.619 GC heap after
Heap after GC invocations=14 (full 0):
 PSYoungGen      total 600064K, used 4611K [0x00000000daf00000, 0x0000000100000000, 0x0000000100000000)
  eden space 592896K, 0% used [0x00000000daf00000,0x00000000daf00000,0x00000000ff200000)
  from space 7168K, 64% used [0x00000000ff900000,0x00000000ffd80f58,0x0000000100000000)
  to   space 7168K, 0% used [0x00000000ff200000,0x00000000ff200000,0x00000000ff900000)
 ParOldGen       total 76800K, used 20959K [0x0000000090c00000, 0x0000000095700000, 0x00000000daf00000)
  object space 76800K, 27% used [0x0000000090c00000,0x0000000092077da0,0x0000000095700000)
 Metaspace       used 12154K, capacity 12380K, committed 12544K, reserved 1060864K
  class space    used 1419K, capacity 1516K, committed 1536K, reserved 1048576K
}
Event: 19.337 GC heap before
{Heap before GC invocations=15 (full 0):
 PSYoungGen      total 600064K, used 597507K [0x00000000daf00000, 0x0000000100000000, 0x0000000100000000)
  eden space 592896K, 100% used [0x00000000daf00000,0x00000000ff200000,0x00000000ff200000)
  from space 7168K, 64% used [0x00000000ff900000,0x00000000ffd80f58,0x0000000100000000)
  to   space 7168K, 0% used [0x00000000ff200000,0x00000000ff200000,0x00000000ff900000)
 ParOldGen       total 76800K, used 20959K [0x0000000090c00000, 0x0000000095700000, 0x00000000daf00000)
  object space 76800K, 27% used [0x0000000090c00000,0x0000000092077da0,0x0000000095700000)
 Metaspace       used 12154K, capacity 12380K, committed 12544K, reserved 1060864K
  class space    used 1419K, capacity 1516K, committed 1536K, reserved 1048576K
Event: 19.367 GC heap after
Heap after GC invocations=15 (full 0):
 PSYoungGen      total 600064K, used 7091K [0x00000000daf00000, 0x0000000100000000, 0x0000000100000000)
  eden space 592896K, 0% used [0x00000000daf00000,0x00000000daf00000,0x00000000ff200000)
  from space 7168K, 98% used [0x00000000ff200000,0x00000000ff8ecf78,0x00000000ff900000)
  to   space 7168K, 0% used [0x00000000ff900000,0x00000000ff900000,0x0000000100000000)
 ParOldGen       total 76800K, used 24031K [0x0000000090c00000, 0x0000000095700000, 0x00000000daf00000)
  object space 76800K, 31% used [0x0000000090c00000,0x0000000092377da8,0x0000000095700000)
 Metaspace       used 12154K, capacity 12380K, committed 12544K, reserved 1060864K
  class space    used 1419K, capacity 1516K, committed 1536K, reserved 1048576K
}

