# JRE version: Java(TM) SE Runtime Environment (8.0_161-b12) (build 1.8.0_161-b12)
# Java VM: Java HotSpot(TM) 64-Bit Server VM (25.161-b12 mixed mode windows-amd64 compressed oops)
Heap:
 PSYoungGen      total 599552K, used 390233K [0x00000000daf00000, 0x0000000100000000, 0x0000000100000000)
  eden space 592896K, 64% used [0x00000000daf00000,0x00000000f263f8a0,0x00000000ff200000)
  from space 6656K, 89% used [0x00000000ff980000,0x00000000fff56e08,0x0000000100000000)
  to   space 7168K, 0% used [0x00000000ff200000,0x00000000ff200000,0x00000000ff900000)
 ParOldGen       total 76800K, used 17387K [0x0000000090c00000, 0x0000000095700000, 0x00000000daf00000)
  object space 76800K, 22% used [0x0000000090c00000,0x0000000091cfac48,0x0000000095700000)
 Metaspace       used 12314K, capacity 12636K, committed 12800K, reserved 1060864K
  class space    used 1430K, capacity 1516K, committed 1536K, reserved 1048576K
GC Heap History (10 events):
Event: 98.550 GC heap before
{Heap before GC invocations=10 (full 0):
 PSYoungGen      total 234496K, used 231167K [0x00000000daf00000, 0x00000000f2000000, 0x0000000100000000)
  eden space 228352K, 100% used [0x00000000daf00000,0x00000000e8e00000,0x00000000e8e00000)
  from space 6144K, 45% used [0x00000000e8e00000,0x00000000e90bffd8,0x00000000e9400000)
  to   space 6144K, 0% used [0x00000000f1a00000,0x00000000f1a00000,0x00000000f2000000)
 ParOldGen       total 76800K, used 3203K [0x0000000090c00000, 0x0000000095700000, 0x00000000daf00000)
  object space 76800K, 4% used [0x0000000090c00000,0x0000000090f20c58,0x0000000095700000)
 Metaspace       used 12190K, capacity 12444K, committed 12544K, reserved 1060864K
  class space    used 1430K, capacity 1516K, committed 1536K, reserved 1048576K
Event: 98.558 GC heap after
Heap after GC invocations=10 (full 0):
 PSYoungGen      total 371712K, used 4291K [0x00000000daf00000, 0x00000000f2000000, 0x0000000100000000)
  eden space 365568K, 0% used [0x00000000daf00000,0x00000000daf00000,0x00000000f1400000)
  from space 6144K, 69% used [0x00000000f1a00000,0x00000000f1e30f28,0x00000000f2000000)
  to   space 6144K, 0% used [0x00000000f1400000,0x00000000f1400000,0x00000000f1a00000)
 ParOldGen       total 76800K, used 3691K [0x0000000090c00000, 0x0000000095700000, 0x00000000daf00000)
  object space 76800K, 4% used [0x0000000090c00000,0x0000000090f9ac58,0x0000000095700000)
 Metaspace       used 12190K, capacity 12444K, committed 12544K, reserved 1060864K
  class space    used 1430K, capacity 1516K, committed 1536K, reserved 1048576K
}
Event: 99.006 GC heap before
{Heap before GC invocations=11 (full 0):
 PSYoungGen      total 371712K, used 369859K [0x00000000daf00000, 0x00000000f2000000, 0x0000000100000000)
  eden space 365568K, 100% used [0x00000000daf00000,0x00000000f1400000,0x00000000f1400000)
  from space 6144K, 69% used [0x00000000f1a00000,0x00000000f1e30f28,0x00000000f2000000)
  to   space 6144K, 0% used [0x00000000f1400000,0x00000000f1400000,0x00000000f1a00000)
 ParOldGen       total 76800K, used 3691K [0x0000000090c00000, 0x0000000095700000, 0x00000000daf00000)
  object space 76800K, 4% used [0x0000000090c00000,0x0000000090f9ac58,0x0000000095700000)
 Metaspace       used 12201K, capacity 12444K, committed 12544K, reserved 1060864K
  class space    used 1430K, capacity 1516K, committed 1536K, reserved 1048576K
Event: 99.025 GC heap after
Heap after GC invocations=11 (full 0):
 PSYoungGen      total 371712K, used 4067K [0x00000000daf00000, 0x00000000ff680000, 0x0000000100000000)
  eden space 365568K, 0% used [0x00000000daf00000,0x00000000daf00000,0x00000000f1400000)
  from space 6144K, 66% used [0x00000000f1400000,0x00000000f17f8f38,0x00000000f1a00000)
  to   space 6144K, 0% used [0x00000000ff080000,0x00000000ff080000,0x00000000ff680000)
 ParOldGen       total 76800K, used 4755K [0x0000000090c00000, 0x0000000095700000, 0x00000000daf00000)
  object space 76800K, 6% used [0x0000000090c00000,0x00000000910a4c68,0x0000000095700000)
 Metaspace       used 12201K, capacity 12444K, committed 12544K, reserved 1060864K
  class space    used 1430K, capacity 1516K, committed 1536K, reserved 1048576K
}
Event: 99.487 GC heap before
{Heap before GC invocations=12 (full 0):
 PSYoungGen      total 371712K, used 369635K [0x00000000daf00000, 0x00000000ff680000, 0x0000000100000000)
  eden space 365568K, 100% used [0x00000000daf00000,0x00000000f1400000,0x00000000f1400000)
  from space 6144K, 66% used [0x00000000f1400000,0x00000000f17f8f38,0x00000000f1a00000)
  to   space 6144K, 0% used [0x00000000ff080000,0x00000000ff080000,0x00000000ff680000)
 ParOldGen       total 76800K, used 4755K [0x0000000090c00000, 0x0000000095700000, 0x00000000daf00000)
  object space 76800K, 6% used [0x0000000090c00000,0x00000000910a4c68,0x0000000095700000)
 Metaspace       used 12217K, capacity 12444K, committed 12544K, reserved 1060864K
  class space    used 1430K, capacity 1516K, committed 1536K, reserved 1048576K
Event: 99.498 GC heap after
Heap after GC invocations=12 (full 0):
 PSYoungGen      total 591360K, used 2275K [0x00000000daf00000, 0x00000000ff680000, 0x0000000100000000)
  eden space 585216K, 0% used [0x00000000daf00000,0x00000000daf00000,0x00000000fea80000)
  from space 6144K, 37% used [0x00000000ff080000,0x00000000ff2b8f50,0x00000000ff680000)
  to   space 6144K, 0% used [0x00000000fea80000,0x00000000fea80000,0x00000000ff080000)
 ParOldGen       total 76800K, used 7299K [0x0000000090c00000, 0x0000000095700000, 0x00000000daf00000)
  object space 76800K, 9% used [0x0000000090c00000,0x0000000091320c50,0x0000000095700000)
 Metaspace       used 12217K, capacity 12444K, committed 12544K, reserved 1060864K
  class space    used 1430K, capacity 1516K, committed 1536K, reserved 1048576K
}
Event: 100.248 GC heap before
{Heap before GC invocations=13 (full 0):
 PSYoungGen      total 591360K, used 587491K [0x00000000daf00000, 0x00000000ff680000, 0x0000000100000000)
  eden space 585216K, 100% used [0x00000000daf00000,0x00000000fea80000,0x00000000fea80000)
  from space 6144K, 37% used [0x00000000ff080000,0x00000000ff2b8f50,0x00000000ff680000)
  to   space 6144K, 0% used [0x00000000fea80000,0x00000000fea80000,0x00000000ff080000)
 ParOldGen       total 76800K, used 7299K [0x0000000090c00000, 0x0000000095700000, 0x00000000daf00000)
  object space 76800K, 9% used [0x0000000090c00000,0x0000000091320c50,0x0000000095700000)
 Metaspace       used 12268K, capacity 12508K, committed 12544K, reserved 1060864K
  class space    used 1430K, capacity 1516K, committed 1536K, reserved 1048576K
Event: 100.261 GC heap after
Heap after GC invocations=13 (full 0):
 PSYoungGen      total 591360K, used 5619K [0x00000000daf00000, 0x0000000100000000, 0x0000000100000000)
  eden space 585216K, 0% used [0x00000000daf00000,0x00000000daf00000,0x00000000fea80000)
  from space 6144K, 91% used [0x00000000fea80000,0x00000000feffcf68,0x00000000ff080000)
  to   space 6656K, 0% used [0x00000000ff980000,0x00000000ff980000,0x0000000100000000)
 ParOldGen       total 76800K, used 10683K [0x0000000090c00000, 0x0000000095700000, 0x00000000daf00000)
  object space 76800K, 13% used [0x0000000090c00000,0x000000009166ec48,0x0000000095700000)
 Metaspace       used 12268K, capacity 12508K, committed 12544K, reserved 1060864K
  class space    used 1430K, capacity 1516K, committed 1536K, reserved 1048576K
}
Event: 100.709 GC heap before
{Heap before GC invocations=14 (full 0):
 PSYoungGen      total 591360K, used 590835K [0x00000000daf00000, 0x0000000100000000, 0x0000000100000000)
  eden space 585216K, 100% used [0x00000000daf00000,0x00000000fea80000,0x00000000fea80000)
  from space 6144K, 91% used [0x00000000fea80000,0x00000000feffcf68,0x00000000ff080000)
  to   space 6656K, 0% used [0x00000000ff980000,0x00000000ff980000,0x0000000100000000)
 ParOldGen       total 76800K, used 10683K [0x0000000090c00000, 0x0000000095700000, 0x00000000daf00000)
  object space 76800K, 13% used [0x0000000090c00000,0x000000009166ec48,0x0000000095700000)
 Metaspace       used 12295K, capacity 12508K, committed 12544K, reserved 1060864K
  class space    used 1430K, capacity 1516K, committed 1536K, reserved 1048576K
Event: 100.726 GC heap after
Heap after GC invocations=14 (full 0):
 PSYoungGen      total 599552K, used 5979K [0x00000000daf00000, 0x0000000100000000, 0x0000000100000000)
  eden space 592896K, 0% used [0x00000000daf00000,0x00000000daf00000,0x00000000ff200000)
  from space 6656K, 89% used [0x00000000ff980000,0x00000000fff56e08,0x0000000100000000)
  to   space 7168K, 0% used [0x00000000ff200000,0x00000000ff200000,0x00000000ff900000)
 ParOldGen       total 76800K, used 17387K [0x0000000090c00000, 0x0000000095700000, 0x00000000daf00000)
  object space 76800K, 22% used [0x0000000090c00000,0x0000000091cfac48,0x0000000095700000)
 Metaspace       used 12295K, capacity 12508K, committed 12544K, reserved 1060864K
  class space    used 1430K, capacity 1516K, committed 1536K, reserved 1048576K
}

