# JRE version: Java(TM) SE Runtime Environment (8.0_161-b12) (build 1.8.0_161-b12)
# Java VM: Java HotSpot(TM) 64-Bit Server VM (25.161-b12 mixed mode windows-amd64 compressed oops)
Heap:
 PSYoungGen      total 594944K, used 397906K [0x00000000daf00000, 0x00000000ffc00000, 0x0000000100000000)
  eden space 586752K, 67% used [0x00000000daf00000,0x00000000f3053a28,0x00000000fec00000)
  from space 8192K, 40% used [0x00000000ff400000,0x00000000ff740f58,0x00000000ffc00000)
  to   space 8192K, 0% used [0x00000000fec00000,0x00000000fec00000,0x00000000ff400000)
 ParOldGen       total 76800K, used 10897K [0x0000000090c00000, 0x0000000095700000, 0x00000000daf00000)
  object space 76800K, 14% used [0x0000000090c00000,0x00000000916a4638,0x0000000095700000)
 Metaspace       used 12478K, capacity 12732K, committed 12928K, reserved 1060864K
  class space    used 1459K, capacity 1548K, committed 1664K, reserved 1048576K
GC Heap History (10 events):
Event: 11.835 GC heap before
{Heap before GC invocations=8 (full 0):
 PSYoungGen      total 120832K, used 117767K [0x00000000daf00000, 0x00000000e9b00000, 0x0000000100000000)
  eden space 114688K, 100% used [0x00000000daf00000,0x00000000e1f00000,0x00000000e1f00000)
  from space 6144K, 50% used [0x00000000e1f00000,0x00000000e2201f78,0x00000000e2500000)
  to   space 6144K, 0% used [0x00000000e9500000,0x00000000e9500000,0x00000000e9b00000)
 ParOldGen       total 76800K, used 2959K [0x0000000090c00000, 0x0000000095700000, 0x00000000daf00000)
  object space 76800K, 3% used [0x0000000090c00000,0x0000000090ee3c68,0x0000000095700000)
 Metaspace       used 12282K, capacity 12540K, committed 12672K, reserved 1060864K
  class space    used 1459K, capacity 1548K, committed 1664K, reserved 1048576K
Event: 11.841 GC heap after
Heap after GC invocations=8 (full 0):
 PSYoungGen      total 235008K, used 2312K [0x00000000daf00000, 0x00000000e9c00000, 0x0000000100000000)
  eden space 228864K, 0% used [0x00000000daf00000,0x00000000daf00000,0x00000000e8e80000)
  from space 6144K, 37% used [0x00000000e9500000,0x00000000e9742018,0x00000000e9b00000)
  to   space 6656K, 0% used [0x00000000e8e80000,0x00000000e8e80000,0x00000000e9500000)
 ParOldGen       total 76800K, used 3191K [0x0000000090c00000, 0x0000000095700000, 0x00000000daf00000)
  object space 76800K, 4% used [0x0000000090c00000,0x0000000090f1dc68,0x0000000095700000)
 Metaspace       used 12282K, capacity 12540K, committed 12672K, reserved 1060864K
  class space    used 1459K, capacity 1548K, committed 1664K, reserved 1048576K
}
Event: 12.248 GC heap before
{Heap before GC invocations=9 (full 0):
 PSYoungGen      total 235008K, used 231176K [0x00000000daf00000, 0x00000000e9c00000, 0x0000000100000000)
  eden space 228864K, 100% used [0x00000000daf00000,0x00000000e8e80000,0x00000000e8e80000)
  from space 6144K, 37% used [0x00000000e9500000,0x00000000e9742018,0x00000000e9b00000)
  to   space 6656K, 0% used [0x00000000e8e80000,0x00000000e8e80000,0x00000000e9500000)
 ParOldGen       total 76800K, used 3191K [0x0000000090c00000, 0x0000000095700000, 0x00000000daf00000)
  object space 76800K, 4% used [0x0000000090c00000,0x0000000090f1dc68,0x0000000095700000)
 Metaspace       used 12321K, capacity 12540K, committed 12672K, reserved 1060864K
  class space    used 1459K, capacity 1548K, committed 1664K, reserved 1048576K
Event: 12.259 GC heap after
Heap after GC invocations=9 (full 0):
 PSYoungGen      total 235520K, used 4899K [0x00000000daf00000, 0x00000000f2200000, 0x0000000100000000)
  eden space 228864K, 0% used [0x00000000daf00000,0x00000000daf00000,0x00000000e8e80000)
  from space 6656K, 73% used [0x00000000e8e80000,0x00000000e9348f78,0x00000000e9500000)
  to   space 6656K, 0% used [0x00000000f1b80000,0x00000000f1b80000,0x00000000f2200000)
 ParOldGen       total 76800K, used 3639K [0x0000000090c00000, 0x0000000095700000, 0x00000000daf00000)
  object space 76800K, 4% used [0x0000000090c00000,0x0000000090f8dc68,0x0000000095700000)
 Metaspace       used 12321K, capacity 12540K, committed 12672K, reserved 1060864K
  class space    used 1459K, capacity 1548K, committed 1664K, reserved 1048576K
}
Event: 12.531 GC heap before
{Heap before GC invocations=10 (full 0):
 PSYoungGen      total 235520K, used 233763K [0x00000000daf00000, 0x00000000f2200000, 0x0000000100000000)
  eden space 228864K, 100% used [0x00000000daf00000,0x00000000e8e80000,0x00000000e8e80000)
  from space 6656K, 73% used [0x00000000e8e80000,0x00000000e9348f78,0x00000000e9500000)
  to   space 6656K, 0% used [0x00000000f1b80000,0x00000000f1b80000,0x00000000f2200000)
 ParOldGen       total 76800K, used 3639K [0x0000000090c00000, 0x0000000095700000, 0x00000000daf00000)
  object space 76800K, 4% used [0x0000000090c00000,0x0000000090f8dc68,0x0000000095700000)
 Metaspace       used 12344K, capacity 12604K, committed 12928K, reserved 1060864K
  class space    used 1459K, capacity 1548K, committed 1664K, reserved 1048576K
Event: 12.543 GC heap after
Heap after GC invocations=10 (full 0):
 PSYoungGen      total 373248K, used 5075K [0x00000000daf00000, 0x00000000f2200000, 0x0000000100000000)
  eden space 366592K, 0% used [0x00000000daf00000,0x00000000daf00000,0x00000000f1500000)
  from space 6656K, 76% used [0x00000000f1b80000,0x00000000f2074f68,0x00000000f2200000)
  to   space 6656K, 0% used [0x00000000f1500000,0x00000000f1500000,0x00000000f1b80000)
 ParOldGen       total 76800K, used 4551K [0x0000000090c00000, 0x0000000095700000, 0x00000000daf00000)
  object space 76800K, 5% used [0x0000000090c00000,0x0000000091071c68,0x0000000095700000)
 Metaspace       used 12344K, capacity 12604K, committed 12928K, reserved 1060864K
  class space    used 1459K, capacity 1548K, committed 1664K, reserved 1048576K
}
Event: 13.108 GC heap before
{Heap before GC invocations=11 (full 0):
 PSYoungGen      total 373248K, used 371667K [0x00000000daf00000, 0x00000000f2200000, 0x0000000100000000)
  eden space 366592K, 100% used [0x00000000daf00000,0x00000000f1500000,0x00000000f1500000)
  from space 6656K, 76% used [0x00000000f1b80000,0x00000000f2074f68,0x00000000f2200000)
  to   space 6656K, 0% used [0x00000000f1500000,0x00000000f1500000,0x00000000f1b80000)
 ParOldGen       total 76800K, used 4575K [0x0000000090c00000, 0x0000000095700000, 0x00000000daf00000)
  object space 76800K, 5% used [0x0000000090c00000,0x0000000091077d78,0x0000000095700000)
 Metaspace       used 12432K, capacity 12668K, committed 12928K, reserved 1060864K
  class space    used 1459K, capacity 1548K, committed 1664K, reserved 1048576K
Event: 13.123 GC heap after
Heap after GC invocations=11 (full 0):
 PSYoungGen      total 373248K, used 6651K [0x00000000daf00000, 0x00000000ffc00000, 0x0000000100000000)
  eden space 366592K, 0% used [0x00000000daf00000,0x00000000daf00000,0x00000000f1500000)
  from space 6656K, 99% used [0x00000000f1500000,0x00000000f1b7edf0,0x00000000f1b80000)
  to   space 8192K, 0% used [0x00000000ff400000,0x00000000ff400000,0x00000000ffc00000)
 ParOldGen       total 76800K, used 7143K [0x0000000090c00000, 0x0000000095700000, 0x00000000daf00000)
  object space 76800K, 9% used [0x0000000090c00000,0x00000000912f9d90,0x0000000095700000)
 Metaspace       used 12432K, capacity 12668K, committed 12928K, reserved 1060864K
  class space    used 1459K, capacity 1548K, committed 1664K, reserved 1048576K
}
Event: 13.564 GC heap before
{Heap before GC invocations=12 (full 0):
 PSYoungGen      total 373248K, used 373243K [0x00000000daf00000, 0x00000000ffc00000, 0x0000000100000000)
  eden space 366592K, 100% used [0x00000000daf00000,0x00000000f1500000,0x00000000f1500000)
  from space 6656K, 99% used [0x00000000f1500000,0x00000000f1b7edf0,0x00000000f1b80000)
  to   space 8192K, 0% used [0x00000000ff400000,0x00000000ff400000,0x00000000ffc00000)
 ParOldGen       total 76800K, used 7185K [0x0000000090c00000, 0x0000000095700000, 0x00000000daf00000)
  object space 76800K, 9% used [0x0000000090c00000,0x0000000091304638,0x0000000095700000)
 Metaspace       used 12449K, capacity 12668K, committed 12928K, reserved 1060864K
  class space    used 1459K, capacity 1548K, committed 1664K, reserved 1048576K
Event: 13.581 GC heap after
Heap after GC invocations=12 (full 0):
 PSYoungGen      total 594944K, used 3331K [0x00000000daf00000, 0x00000000ffc00000, 0x0000000100000000)
  eden space 586752K, 0% used [0x00000000daf00000,0x00000000daf00000,0x00000000fec00000)
  from space 8192K, 40% used [0x00000000ff400000,0x00000000ff740f58,0x00000000ffc00000)
  to   space 8192K, 0% used [0x00000000fec00000,0x00000000fec00000,0x00000000ff400000)
 ParOldGen       total 76800K, used 10897K [0x0000000090c00000, 0x0000000095700000, 0x00000000daf00000)
  object space 76800K, 14% used [0x0000000090c00000,0x00000000916a4638,0x0000000095700000)
 Metaspace       used 12449K, capacity 12668K, committed 12928K, reserved 1060864K
  class space    used 1459K, capacity 1548K, committed 1664K, reserved 1048576K
}

